<?xml version="1.0" encoding="UTF-8"?>
<testng-results ignored="0" total="1" passed="1" failed="0" skipped="0">
  <reporter-output>
  </reporter-output>
  <suite started-at="2022-12-05T20:55:49 IST" name="Default suite" finished-at="2022-12-05T20:56:11 IST" duration-ms="22085">
    <groups>
    </groups>
    <test started-at="2022-12-05T20:55:49 IST" name="Default test" finished-at="2022-12-05T20:56:11 IST" duration-ms="22085">
      <class name="testcases.InterviewQuestions">
        <test-method signature="EnterTextWithoutSendKeys()[pri:0, instance:testcases.InterviewQuestions@298a5e20]" started-at="2022-12-05T20:55:49 IST" name="EnterTextWithoutSendKeys" finished-at="2022-12-05T20:56:11 IST" duration-ms="22037" status="PASS">
          <reporter-output>
          </reporter-output>
        </test-method> <!-- EnterTextWithoutSendKeys -->
      </class> <!-- testcases.InterviewQuestions -->
    </test> <!-- Default test -->
  </suite> <!-- Default suite -->
</testng-results>
