<?xml version="1.0" encoding="UTF-8"?>
<testng-results ignored="0" total="1" passed="1" failed="0" skipped="0">
  <reporter-output>
  </reporter-output>
  <suite started-at="2022-12-06T23:01:29 IST" name="Default suite" finished-at="2022-12-06T23:01:49 IST" duration-ms="20476">
    <groups>
    </groups>
    <test started-at="2022-12-06T23:01:29 IST" name="Default test" finished-at="2022-12-06T23:01:49 IST" duration-ms="20476">
      <class name="testcases.NavigateToGoogle">
        <test-method signature="navigateToHomePage()[pri:0, instance:testcases.NavigateToGoogle@76b1e9b8]" started-at="2022-12-06T23:01:29 IST" name="navigateToHomePage" finished-at="2022-12-06T23:01:49 IST" duration-ms="20349" status="PASS">
          <reporter-output>
          </reporter-output>
        </test-method> <!-- navigateToHomePage -->
      </class> <!-- testcases.NavigateToGoogle -->
    </test> <!-- Default test -->
  </suite> <!-- Default suite -->
</testng-results>
